<?xml version="1.0" encoding="UTF-8"?>
<testsuite xmlns:xsi="http://www.w3.org/2001/XMLSchema-instance" xsi:noNamespaceSchemaLocation="https://maven.apache.org/surefire/maven-surefire-plugin/xsd/surefire-test-report-3.0.xsd" version="3.0" name="catering.businesslogic.kitchen.RemoveMemberFromEventTest" time="0.52" tests="4" errors="0" skipped="0" failures="1">
  <properties>
    <property name="java.specification.version" value="17"/>
    <property name="sun.cpu.isalist" value="amd64"/>
    <property name="sun.jnu.encoding" value="Cp1252"/>
    <property name="java.class.path" value="c:\Users\ahed_\Desktop\SAS\catering\target\test-classes;c:\Users\ahed_\Desktop\SAS\catering\target\classes;C:\Users\ahed_\.m2\repository\org\xerial\sqlite-jdbc\3.49.1.0\sqlite-jdbc-3.49.1.0.jar;C:\Users\ahed_\.m2\repository\org\junit\jupiter\junit-jupiter-api\5.12.2\junit-jupiter-api-5.12.2.jar;C:\Users\ahed_\.m2\repository\org\opentest4j\opentest4j\1.3.0\opentest4j-1.3.0.jar;C:\Users\ahed_\.m2\repository\org\junit\platform\junit-platform-commons\1.12.2\junit-platform-commons-1.12.2.jar;C:\Users\ahed_\.m2\repository\org\apiguardian\apiguardian-api\1.1.2\apiguardian-api-1.1.2.jar;C:\Users\ahed_\.m2\repository\org\junit\jupiter\junit-jupiter-engine\5.12.2\junit-jupiter-engine-5.12.2.jar;C:\Users\ahed_\.m2\repository\org\junit\platform\junit-platform-engine\1.12.2\junit-platform-engine-1.12.2.jar;"/>
    <property name="java.vm.vendor" value="Eclipse Adoptium"/>
    <property name="sun.arch.data.model" value="64"/>
    <property name="user.variant" value=""/>
    <property name="java.vendor.url" value="https://adoptium.net/"/>
    <property name="user.timezone" value="Europe/Rome"/>
    <property name="os.name" value="Windows 11"/>
    <property name="java.vm.specification.version" value="17"/>
    <property name="sun.java.launcher" value="SUN_STANDARD"/>
    <property name="user.country" value="GB"/>
    <property name="sun.boot.library.path" value="C:\Program Files\Eclipse Adoptium\jdk-17.0.13.11-hotspot\bin"/>
    <property name="sun.java.command" value="C:\Users\ahed_\AppData\Local\Temp\surefire177571527466671495\surefirebooter-20250710093249016_3.jar C:\Users\ahed_\AppData\Local\Temp\surefire177571527466671495 2025-07-10T09-32-48_802-jvmRun1 surefire-20250710093249016_1tmp surefire_0-20250710093249016_2tmp"/>
    <property name="jdk.debug" value="release"/>
    <property name="surefire.test.class.path" value="c:\Users\ahed_\Desktop\SAS\catering\target\test-classes;c:\Users\ahed_\Desktop\SAS\catering\target\classes;C:\Users\ahed_\.m2\repository\org\xerial\sqlite-jdbc\3.49.1.0\sqlite-jdbc-3.49.1.0.jar;C:\Users\ahed_\.m2\repository\org\junit\jupiter\junit-jupiter-api\5.12.2\junit-jupiter-api-5.12.2.jar;C:\Users\ahed_\.m2\repository\org\opentest4j\opentest4j\1.3.0\opentest4j-1.3.0.jar;C:\Users\ahed_\.m2\repository\org\junit\platform\junit-platform-commons\1.12.2\junit-platform-commons-1.12.2.jar;C:\Users\ahed_\.m2\repository\org\apiguardian\apiguardian-api\1.1.2\apiguardian-api-1.1.2.jar;C:\Users\ahed_\.m2\repository\org\junit\jupiter\junit-jupiter-engine\5.12.2\junit-jupiter-engine-5.12.2.jar;C:\Users\ahed_\.m2\repository\org\junit\platform\junit-platform-engine\1.12.2\junit-platform-engine-1.12.2.jar;"/>
    <property name="sun.cpu.endian" value="little"/>
    <property name="user.home" value="C:\Users\ahed_"/>
    <property name="user.language" value="en"/>
    <property name="java.specification.vendor" value="Oracle Corporation"/>
    <property name="java.version.date" value="2024-10-15"/>
    <property name="java.home" value="C:\Program Files\Eclipse Adoptium\jdk-17.0.13.11-hotspot"/>
    <property name="file.separator" value="\"/>
    <property name="basedir" value="c:\Users\ahed_\Desktop\SAS\catering"/>
    <property name="java.vm.compressedOopsMode" value="Zero based"/>
    <property name="line.separator" value="&#10;"/>
    <property name="java.vm.specification.vendor" value="Oracle Corporation"/>
    <property name="java.specification.name" value="Java Platform API Specification"/>
    <property name="surefire.real.class.path" value="C:\Users\ahed_\AppData\Local\Temp\surefire177571527466671495\surefirebooter-20250710093249016_3.jar"/>
    <property name="user.script" value=""/>
    <property name="sun.management.compiler" value="HotSpot 64-Bit Tiered Compilers"/>
    <property name="java.runtime.version" value="17.0.13+11"/>
    <property name="user.name" value="ahed_"/>
    <property name="path.separator" value=";"/>
    <property name="os.version" value="10.0"/>
    <property name="java.runtime.name" value="OpenJDK Runtime Environment"/>
    <property name="file.encoding" value="Cp1252"/>
    <property name="java.vm.name" value="OpenJDK 64-Bit Server VM"/>
    <property name="java.vendor.version" value="Temurin-17.0.13+11"/>
    <property name="localRepository" value="C:\Users\ahed_\.m2\repository"/>
    <property name="java.vendor.url.bug" value="https://github.com/adoptium/adoptium-support/issues"/>
    <property name="java.io.tmpdir" value="C:\Users\ahed_\AppData\Local\Temp\"/>
    <property name="java.version" value="17.0.13"/>
    <property name="user.dir" value="c:\Users\ahed_\Desktop\SAS\catering"/>
    <property name="os.arch" value="amd64"/>
    <property name="java.vm.specification.name" value="Java Virtual Machine Specification"/>
    <property name="sun.os.patch.level" value=""/>
    <property name="native.encoding" value="Cp1252"/>
    <property name="java.library.path" value="C:\Program Files\Eclipse Adoptium\jdk-17.0.13.11-hotspot\bin;C:\WINDOWS\Sun\Java\bin;C:\WINDOWS\system32;C:\WINDOWS;C:\Program Files\Eclipse Adoptium\jdk-17.0.13.11-hotspot\bin;C:\Program Files\Common Files\Oracle\Java\javapath;C:\Program Files\Eclipse Adoptium\jdk-21.0.3.9-hotspot\bin;C:\windows\system32;C:\windows;C:\windows\System32\Wbem;C:\windows\System32\WindowsPowerShell\v1.0\;C:\windows\System32\OpenSSH\;C:\Program Files (x86)\NVIDIA Corporation\PhysX\Common;C:\Users\Administrator\AppData\Local\Microsoft\WindowsApps;C:\Program Files\HP\OMEN-Broadcast\Common;C:\Program Files\dotnet\;C:\Program Files\Git\cmd;C:\WINDOWS\system32;C:\WINDOWS;C:\WINDOWS\System32\Wbem;C:\WINDOWS\System32\WindowsPowerShell\v1.0\;C:\WINDOWS\System32\OpenSSH\;C:\Users\ahed_\Desktop\Gradle\gradle-8.12-all\gradle-8.12\bin;C:\MinGW\bin;C:\Program Files\nodejs\;C:\ProgramData\chocolatey\bin;C:\Program Files\nodejs\npm;C:\Program Files\nodejs\npm.cmd;%ANDROID_HOME%\emulator;%ANDROID_HOME%\platform-tools;%ANDROID_HOME%\tools;%ANDROID_HOME%\tools\bin;C:\Program Files\apache-maven-3.9.9\bin;C:\Users\ahed_\Desktop\sqlite;;C:\Program Files\NVIDIA Corporation\NVIDIA App\NvDLISR;C:\Users\ahed_\AppData\Local\Programs\Python\Python313\Scripts\;C:\Users\ahed_\AppData\Local\Programs\Python\Python313\;C:\Users\ahed_\AppData\Local\Programs\Python\Launcher\;C:\Users\ahed_\AppData\Local\Packages\PythonSoftwareFoundation.Python.3.12_qbz5n2kfra8p0\LocalCache\local-packages\Python312\Scripts;C:\Users\ahed_\AppData\Local\Microsoft\WindowsApps;C:\Users\ahed_\AppData\Local\Programs\Microsoft VS Code\bin;C:\Users\ahed_\AppData\Local\GitHubDesktop\bin;C:\Users\ahed_\AppData\Local\Programs\Python\Python313\Scripts;C:\Users\ahed_\AppData\Local\JetBrains\Toolbox\scripts;;C:\Program Files\JetBrains\CLion 2024.3.2\bin;;C:\Users\ahed_\AppData\Roaming\npm;."/>
    <property name="java.vm.info" value="mixed mode, sharing"/>
    <property name="java.vendor" value="Eclipse Adoptium"/>
    <property name="java.vm.version" value="17.0.13+11"/>
    <property name="java.specification.maintenance.version" value="1"/>
    <property name="sun.io.unicode.encoding" value="UnicodeLittle"/>
    <property name="java.class.version" value="61.0"/>
  </properties>
  <testcase name="testRemoveMember_Success" classname="catering.businesslogic.kitchen.RemoveMemberFromEventTest" time="0.023">
    <system-err><![CDATA[2025-07-10 09:32:51.671 [INFO] catering.persistence.PersistenceManager: Database initialized successfully from database/catering_init_sqlite.sql
2025-07-10 09:32:51.687 [INFO] catering.businesslogic.user.UserManager: Attempting login for user: Francesca
2025-07-10 09:32:51.690 [INFO] catering.businesslogic.user.UserManager: User successfully logged in: Francesca
2025-07-10 09:32:51.694 [INFO] catering.businesslogic.staff.Team: Rimosso dal DB staffMember_id=2
2025-07-10 09:32:51.695 [INFO] catering.businesslogic.staff.Team: Rimosso in memoria staffMember_id=2
]]></system-err>
  </testcase>
  <testcase name="testRemoveMember_NullIdStaffMember_Throws" classname="catering.businesslogic.kitchen.RemoveMemberFromEventTest" time="0.02">
    <system-err><![CDATA[2025-07-10 09:32:51.712 [INFO] catering.businesslogic.user.UserManager: Attempting login for user: Francesca
2025-07-10 09:32:51.715 [INFO] catering.businesslogic.user.UserManager: User successfully logged in: Francesca
]]></system-err>
  </testcase>
  <testcase name="testRemoveMember_UserNotOrganizer_Throws" classname="catering.businesslogic.kitchen.RemoveMemberFromEventTest" time="0.02">
    <system-err><![CDATA[2025-07-10 09:32:51.735 [INFO] catering.businesslogic.user.UserManager: Attempting login for user: Antonio
2025-07-10 09:32:51.737 [INFO] catering.businesslogic.user.UserManager: User successfully logged in: Antonio
]]></system-err>
  </testcase>
  <testcase name="testRemoveMember_TeamBeingModified_Throws" classname="catering.businesslogic.kitchen.RemoveMemberFromEventTest" time="0.021">
    <failure message="Unexpected exception type thrown, expected: &lt;catering.businesslogic.UseCaseLogicException&gt; but was: &lt;java.util.ConcurrentModificationException&gt;" type="org.opentest4j.AssertionFailedError"><![CDATA[org.opentest4j.AssertionFailedError: Unexpected exception type thrown, expected: <catering.businesslogic.UseCaseLogicException> but was: <java.util.ConcurrentModificationException>
	at org.junit.jupiter.api.AssertionFailureBuilder.build(AssertionFailureBuilder.java:151)
	at org.junit.jupiter.api.AssertThrows.assertThrows(AssertThrows.java:67)
	at org.junit.jupiter.api.AssertThrows.assertThrows(AssertThrows.java:35)
	at org.junit.jupiter.api.Assertions.assertThrows(Assertions.java:3128)
	at catering.businesslogic.kitchen.RemoveMemberFromEventTest.testRemoveMember_TeamBeingModified_Throws(RemoveMemberFromEventTest.java:132)
	at java.base/java.lang.reflect.Method.invoke(Method.java:569)
	at java.base/java.util.ArrayList.forEach(ArrayList.java:1511)
	at java.base/java.util.ArrayList.forEach(ArrayList.java:1511)
Caused by: java.util.ConcurrentModificationException: Team is currently being modified. Cannot remove members.
	at catering.businesslogic.staff.StaffManager.RemoveMemberFromEvent(StaffManager.java:169)
	at catering.businesslogic.kitchen.RemoveMemberFromEventTest.lambda$5(RemoveMemberFromEventTest.java:133)
	at org.junit.jupiter.api.AssertThrows.assertThrows(AssertThrows.java:53)
	... 6 more
]]></failure>
    <system-err><![CDATA[2025-07-10 09:32:51.754 [INFO] catering.businesslogic.user.UserManager: Attempting login for user: Francesca
2025-07-10 09:32:51.756 [INFO] catering.businesslogic.user.UserManager: User successfully logged in: Francesca
]]></system-err>
  </testcase>
</testsuite>